<?xml version="1.0" encoding="UTF-8"?>
<testsuite name="ohtuesimerkki.StatisticsTest" tests="4" skipped="0" failures="0" errors="0" timestamp="2017-03-20T12:44:14" hostname="fuxi16" time="0.015">
  <properties/>
  <testcase name="constructorTest" classname="ohtuesimerkki.StatisticsTest" time="0.006"/>
  <testcase name="teamTest" classname="ohtuesimerkki.StatisticsTest" time="0.001"/>
  <testcase name="searchTest" classname="ohtuesimerkki.StatisticsTest" time="0.002"/>
  <testcase name="topscorerTest" classname="ohtuesimerkki.StatisticsTest" time="0.001"/>
  <system-out><![CDATA[]]></system-out>
  <system-err><![CDATA[]]></system-err>
</testsuite>
